<?xml version="1.0" encoding="UTF-8"?>
<!-- Generated by org.testng.reporters.JUnitReportReporter -->
<testsuite hostname="rajat-PC" name="rent.checker" tests="1" failures="0" timestamp="27 Sep 2018 02:24:33 GMT" time="0.074" errors="0">
  <testcase name="methodnew11" time="0.074" classname="rent.checker"/>
</testsuite> <!-- rent.checker -->
